TN:
SF:src\infrastructure\database\connection.ts
FN:19,initializeDatabase
FN:39,createTables
FNF:2
FNH:0
FNDA:0,initializeDatabase
FNDA:0,createTables
DA:1,0
DA:2,0
DA:4,0
DA:6,0
DA:17,0
DA:19,0
DA:20,0
DA:22,0
DA:27,0
DA:28,0
DA:31,0
DA:32,0
DA:34,0
DA:35,0
DA:40,0
DA:61,0
DA:77,0
DA:78,0
DA:81,0
LF:19
LH:0
BRDA:7,0,0,0
BRDA:7,0,1,0
BRDA:8,1,0,0
BRDA:8,1,1,0
BRDA:9,2,0,0
BRDA:9,2,1,0
BRDA:10,3,0,0
BRDA:10,3,1,0
BRDA:11,4,0,0
BRDA:11,4,1,0
BRF:10
BRH:0
end_of_record
TN:
SF:src\infrastructure\http\controllers\AuthController.ts
FN:8,(anonymous_0)
FN:12,(anonymous_1)
FN:40,(anonymous_2)
FNF:3
FNH:0
FNDA:0,(anonymous_0)
FNDA:0,(anonymous_1)
FNDA:0,(anonymous_2)
DA:2,0
DA:5,0
DA:9,0
DA:13,0
DA:14,0
DA:16,0
DA:17,0
DA:21,0
DA:24,0
DA:26,0
DA:27,0
DA:29,0
DA:32,0
DA:33,0
DA:41,0
DA:42,0
DA:45,0
DA:46,0
DA:51,0
DA:54,0
DA:63,0
DA:64,0
DA:66,0
DA:69,0
DA:70,0
LF:25
LH:0
BRDA:16,0,0,0
BRDA:16,1,0,0
BRDA:16,1,1,0
BRDA:26,2,0,0
BRDA:26,2,1,0
BRDA:45,3,0,0
BRDA:45,4,0,0
BRDA:45,4,1,0
BRDA:45,4,2,0
BRDA:45,4,3,0
BRDA:63,5,0,0
BRDA:63,5,1,0
BRF:12
BRH:0
end_of_record
TN:
SF:src\infrastructure\http\controllers\VeiculoController.ts
FN:8,(anonymous_0)
FN:12,(anonymous_1)
FNF:2
FNH:0
FNDA:0,(anonymous_0)
FNDA:0,(anonymous_1)
DA:2,0
DA:5,0
DA:9,0
DA:13,0
DA:21,0
DA:23,0
DA:25,0
DA:26,0
DA:27,0
DA:28,0
DA:29,0
DA:30,0
DA:32,0
DA:34,0
DA:35,0
DA:41,0
DA:47,0
DA:48,0
LF:18
LH:0
BRDA:25,0,0,0
BRDA:26,1,0,0
BRDA:27,2,0,0
BRDA:28,3,0,0
BRDA:29,4,0,0
BRDA:30,5,0,0
BRDA:34,6,0,0
BRDA:34,6,1,0
BRDA:43,7,0,0
BRDA:43,7,1,0
BRF:10
BRH:0
end_of_record
TN:
SF:src\infrastructure\http\controllers\VendaController.ts
FN:59,(anonymous_0)
FN:137,(anonymous_1)
FN:210,(anonymous_2)
FN:256,(anonymous_3)
FN:286,(anonymous_4)
FN:341,(anonymous_5)
FN:344,(anonymous_6)
FNF:7
FNH:0
FNDA:0,(anonymous_0)
FNDA:0,(anonymous_1)
FNDA:0,(anonymous_2)
FNDA:0,(anonymous_3)
FNDA:0,(anonymous_4)
FNDA:0,(anonymous_5)
FNDA:0,(anonymous_6)
DA:2,0
DA:3,0
DA:4,0
DA:5,0
DA:6,0
DA:9,0
DA:10,0
DA:11,0
DA:13,0
DA:60,0
DA:61,0
DA:62,0
DA:63,0
DA:68,0
DA:71,0
DA:72,0
DA:74,0
DA:80,0
DA:82,0
DA:87,0
DA:91,0
DA:94,0
DA:95,0
DA:99,0
DA:102,0
DA:104,0
DA:108,0
DA:111,0
DA:138,0
DA:139,0
DA:140,0
DA:141,0
DA:146,0
DA:149,0
DA:150,0
DA:152,0
DA:153,0
DA:157,0
DA:160,0
DA:165,0
DA:166,0
DA:211,0
DA:212,0
DA:213,0
DA:214,0
DA:219,0
DA:222,0
DA:223,0
DA:225,0
DA:226,0
DA:230,0
DA:236,0
DA:237,0
DA:238,0
DA:240,0
DA:244,0
DA:245,0
DA:249,0
DA:253,0
DA:255,0
DA:256,0
DA:259,0
DA:263,0
DA:269,0
DA:271,0
DA:272,0
DA:276,0
DA:279,0
DA:287,0
DA:288,0
DA:289,0
DA:290,0
DA:295,0
DA:298,0
DA:300,0
DA:305,0
DA:306,0
DA:310,0
DA:314,0
DA:315,0
DA:318,0
DA:324,0
DA:326,0
DA:327,0
DA:331,0
DA:334,0
DA:342,0
DA:344,0
DA:345,0
DA:348,0
DA:353,0
DA:354,0
DA:363,0
DA:390,0
DA:399,0
DA:417,0
LF:96
LH:0
BRDA:62,0,0,0
BRDA:82,1,0,0
BRDA:82,2,0,0
BRDA:82,2,1,0
BRDA:82,2,2,0
BRDA:82,2,3,0
BRDA:82,2,4,0
BRDA:94,3,0,0
BRDA:102,4,0,0
BRDA:102,5,0,0
BRDA:102,5,1,0
BRDA:140,6,0,0
BRDA:152,7,0,0
BRDA:213,8,0,0
BRDA:222,9,0,0
BRDA:222,10,0,0
BRDA:225,11,0,0
BRDA:236,12,0,0
BRDA:236,12,1,0
BRDA:237,13,0,0
BRDA:237,13,1,0
BRDA:244,14,0,0
BRDA:253,15,0,0
BRDA:253,15,1,0
BRDA:271,16,0,0
BRDA:289,17,0,0
BRDA:305,18,0,0
BRDA:314,19,0,0
BRDA:326,20,0,0
BRDA:326,21,0,0
BRDA:326,21,1,0
BRF:31
BRH:0
end_of_record
TN:
SF:src\infrastructure\http\middlewares\authMiddleware.ts
FN:13,(anonymous_9)
FN:72,(anonymous_10)
FNF:2
FNH:0
FNDA:0,(anonymous_9)
FNDA:0,(anonymous_10)
DA:2,0
DA:13,0
DA:14,0
DA:15,0
DA:17,0
DA:18,0
DA:22,0
DA:25,0
DA:28,0
DA:29,0
DA:33,0
DA:36,0
DA:38,0
DA:39,0
DA:43,0
DA:46,0
DA:48,0
DA:49,0
DA:53,0
DA:56,0
DA:63,0
DA:65,0
DA:72,0
DA:74,0
DA:75,0
DA:79,0
DA:83,0
DA:84,0
DA:88,0
DA:92,0
DA:93,0
LF:31
LH:0
BRDA:17,0,0,0
BRDA:17,1,0,0
BRDA:17,1,1,0
BRDA:28,2,0,0
BRDA:38,3,0,0
BRDA:48,4,0,0
BRDA:74,5,0,0
BRDA:83,6,0,0
BRF:8
BRH:0
end_of_record
TN:
SF:src\infrastructure\jobs\CronJobService.ts
FN:8,(anonymous_0)
FN:16,(anonymous_1)
FN:26,(anonymous_2)
FN:37,(anonymous_3)
FN:49,(anonymous_4)
FN:67,(anonymous_5)
FN:74,(anonymous_6)
FNF:7
FNH:0
FNDA:0,(anonymous_0)
FNDA:0,(anonymous_1)
FNDA:0,(anonymous_2)
FNDA:0,(anonymous_3)
FNDA:0,(anonymous_4)
FNDA:0,(anonymous_5)
FNDA:0,(anonymous_6)
DA:1,0
DA:3,0
DA:5,0
DA:6,0
DA:9,0
DA:17,0
DA:18,0
DA:19,0
DA:22,0
DA:24,0
DA:26,0
DA:27,0
DA:28,0
DA:30,0
DA:34,0
DA:37,0
DA:38,0
DA:39,0
DA:41,0
DA:50,0
DA:51,0
DA:52,0
DA:55,0
DA:56,0
DA:57,0
DA:60,0
DA:61,0
DA:68,0
DA:75,0
DA:76,0
DA:77,0
DA:78,0
DA:80,0
DA:81,0
LF:34
LH:0
BRDA:16,0,0,0
BRDA:17,1,0,0
BRDA:50,2,0,0
BRDA:55,3,0,0
BRF:4
BRH:0
end_of_record
TN:
SF:src\infrastructure\repositories\MySQLVendaRepository.ts
FN:9,(anonymous_0)
FN:40,(anonymous_1)
FN:57,(anonymous_2)
FN:74,(anonymous_3)
FN:84,(anonymous_4)
FN:87,(anonymous_5)
FN:97,(anonymous_6)
FN:100,(anonymous_7)
FN:142,(anonymous_8)
FN:154,(anonymous_9)
FN:166,(anonymous_10)
FN:169,(anonymous_11)
FN:177,(anonymous_12)
FN:185,(anonymous_13)
FN:197,(anonymous_14)
FN:200,(anonymous_15)
FNF:16
FNH:0
FNDA:0,(anonymous_0)
FNDA:0,(anonymous_1)
FNDA:0,(anonymous_2)
FNDA:0,(anonymous_3)
FNDA:0,(anonymous_4)
FNDA:0,(anonymous_5)
FNDA:0,(anonymous_6)
FNDA:0,(anonymous_7)
FNDA:0,(anonymous_8)
FNDA:0,(anonymous_9)
FNDA:0,(anonymous_10)
FNDA:0,(anonymous_11)
FNDA:0,(anonymous_12)
FNDA:0,(anonymous_13)
FNDA:0,(anonymous_14)
FNDA:0,(anonymous_15)
DA:3,0
DA:4,0
DA:7,0
DA:10,0
DA:11,0
DA:13,0
DA:20,0
DA:32,0
DA:33,0
DA:34,0
DA:37,0
DA:41,0
DA:48,0
DA:50,0
DA:51,0
DA:54,0
DA:58,0
DA:65,0
DA:67,0
DA:68,0
DA:71,0
DA:75,0
DA:82,0
DA:84,0
DA:88,0
DA:95,0
DA:97,0
DA:101,0
DA:102,0
DA:104,0
DA:105,0
DA:106,0
DA:109,0
DA:110,0
DA:111,0
DA:114,0
DA:115,0
DA:116,0
DA:119,0
DA:120,0
DA:121,0
DA:124,0
DA:125,0
DA:126,0
DA:129,0
DA:130,0
DA:133,0
DA:135,0
DA:137,0
DA:139,0
DA:143,0
DA:147,0
DA:149,0
DA:151,0
DA:155,0
DA:164,0
DA:166,0
DA:170,0
DA:172,0
DA:174,0
DA:178,0
DA:180,0
DA:182,0
DA:186,0
DA:195,0
DA:197,0
DA:201,0
LF:67
LH:0
BRDA:27,0,0,0
BRDA:27,0,1,0
BRDA:33,1,0,0
BRDA:50,2,0,0
BRDA:67,3,0,0
BRDA:104,4,0,0
BRDA:109,5,0,0
BRDA:114,6,0,0
BRDA:119,7,0,0
BRDA:124,8,0,0
BRDA:129,9,0,0
BRDA:143,10,0,0
BRDA:143,10,1,0
BRDA:147,11,0,0
BRDA:147,11,1,0
BRDA:185,12,0,0
BRDA:185,13,0,0
BRDA:211,14,0,0
BRDA:211,14,1,0
BRF:19
BRH:0
end_of_record
TN:
SF:src\infrastructure\services\ExternalAuthenticationService.ts
FN:12,(anonymous_1)
FN:16,(anonymous_2)
FN:60,(anonymous_3)
FNF:3
FNH:0
FNDA:0,(anonymous_1)
FNDA:0,(anonymous_2)
FNDA:0,(anonymous_3)
DA:1,0
DA:9,0
DA:13,0
DA:17,0
DA:18,0
DA:29,0
DA:36,0
DA:38,0
DA:40,0
DA:46,0
DA:47,0
DA:53,0
DA:61,0
DA:62,0
DA:73,0
DA:79,0
DA:81,0
DA:82,0
DA:88,0
DA:89,0
DA:95,0
LF:21
LH:0
BRDA:13,0,0,0
BRDA:13,0,1,0
BRDA:33,1,0,0
BRDA:33,1,1,0
BRDA:38,2,0,0
BRDA:42,3,0,0
BRDA:42,3,1,0
BRDA:46,4,0,0
BRDA:46,5,0,0
BRDA:46,5,1,0
BRDA:76,6,0,0
BRDA:76,6,1,0
BRDA:81,7,0,0
BRDA:84,8,0,0
BRDA:84,8,1,0
BRDA:88,9,0,0
BRDA:88,10,0,0
BRDA:88,10,1,0
BRF:18
BRH:0
end_of_record
TN:
SF:src\infrastructure\services\ExternalVeiculoService.ts
FN:39,(anonymous_1)
FN:43,(anonymous_2)
FN:116,(anonymous_3)
FN:124,(anonymous_4)
FN:132,(anonymous_5)
FNF:5
FNH:0
FNDA:0,(anonymous_1)
FNDA:0,(anonymous_2)
FNDA:0,(anonymous_3)
FNDA:0,(anonymous_4)
FNDA:0,(anonymous_5)
DA:1,0
DA:36,0
DA:40,0
DA:44,0
DA:45,0
DA:49,0
DA:50,0
DA:51,0
DA:53,0
DA:56,0
DA:58,0
DA:59,0
DA:60,0
DA:61,0
DA:62,0
DA:63,0
DA:64,0
DA:65,0
DA:67,0
DA:69,0
DA:70,0
DA:72,0
DA:77,0
DA:84,0
DA:86,0
DA:87,0
DA:88,0
DA:90,0
DA:91,0
DA:93,0
DA:100,0
DA:101,0
DA:108,0
DA:117,0
DA:125,0
DA:133,0
DA:134,0
DA:138,0
DA:139,0
DA:142,0
DA:147,0
DA:148,0
DA:154,0
DA:160,0
DA:162,0
DA:163,0
DA:169,0
DA:170,0
DA:176,0
DA:177,0
DA:183,0
LF:51
LH:0
BRDA:40,0,0,0
BRDA:40,0,1,0
BRDA:49,1,0,0
BRDA:49,1,1,0
BRDA:58,2,0,0
BRDA:59,3,0,0
BRDA:60,4,0,0
BRDA:61,5,0,0
BRDA:62,6,0,0
BRDA:63,7,0,0
BRDA:64,8,0,0
BRDA:65,9,0,0
BRDA:67,10,0,0
BRDA:67,10,1,0
BRDA:79,11,0,0
BRDA:79,11,1,0
BRDA:86,12,0,0
BRDA:88,13,0,0
BRDA:88,13,1,0
BRDA:88,13,2,0
BRDA:100,14,0,0
BRDA:100,15,0,0
BRDA:100,15,1,0
BRDA:138,16,0,0
BRDA:147,17,0,0
BRDA:147,17,1,0
BRDA:156,18,0,0
BRDA:156,18,1,0
BRDA:162,19,0,0
BRDA:169,20,0,0
BRDA:176,21,0,0
BRF:31
BRH:0
end_of_record
