TN:
SF:src\infrastructure\database\connection.ts
FN:19,initializeDatabase
FN:39,createTables
FNF:2
FNH:2
FNDA:11,initializeDatabase
FNDA:10,createTables
DA:1,7
DA:2,7
DA:4,7
DA:6,7
DA:17,7
DA:19,7
DA:20,11
DA:22,11
DA:27,11
DA:28,10
DA:31,10
DA:32,10
DA:34,1
DA:35,1
DA:40,10
DA:61,10
DA:77,10
DA:78,10
DA:81,7
LF:19
LH:19
BRDA:7,0,0,7
BRDA:7,0,1,0
BRDA:8,1,0,7
BRDA:8,1,1,0
BRDA:9,2,0,7
BRDA:9,2,1,0
BRDA:10,3,0,7
BRDA:10,3,1,7
BRDA:11,4,0,7
BRDA:11,4,1,0
BRF:10
BRH:6
end_of_record
TN:
SF:src\infrastructure\http\controllers\AuthController.ts
FN:8,(anonymous_0)
FN:12,(anonymous_1)
FN:40,(anonymous_2)
FNF:3
FNH:3
FNDA:9,(anonymous_0)
FNDA:5,(anonymous_1)
FNDA:4,(anonymous_2)
DA:2,1
DA:5,1
DA:9,9
DA:13,5
DA:14,5
DA:16,5
DA:17,2
DA:21,2
DA:24,3
DA:26,2
DA:27,1
DA:29,1
DA:32,1
DA:33,1
DA:41,4
DA:42,4
DA:45,4
DA:46,1
DA:51,1
DA:54,3
DA:63,2
DA:64,1
DA:66,1
DA:69,1
DA:70,1
LF:25
LH:25
BRDA:16,0,0,2
BRDA:16,1,0,5
BRDA:16,1,1,4
BRDA:26,2,0,1
BRDA:26,2,1,1
BRDA:45,3,0,1
BRDA:45,4,0,4
BRDA:45,4,1,4
BRDA:45,4,2,4
BRDA:45,4,3,3
BRDA:63,5,0,1
BRDA:63,5,1,1
BRF:12
BRH:12
end_of_record
TN:
SF:src\infrastructure\http\controllers\VeiculoController.ts
FN:8,(anonymous_0)
FN:12,(anonymous_1)
FN:55,(anonymous_2)
FNF:3
FNH:3
FNDA:17,(anonymous_0)
FNDA:7,(anonymous_1)
FNDA:10,(anonymous_2)
DA:2,1
DA:5,1
DA:9,17
DA:13,7
DA:21,7
DA:23,7
DA:25,7
DA:26,7
DA:27,7
DA:28,7
DA:29,7
DA:30,7
DA:32,7
DA:34,6
DA:35,4
DA:41,2
DA:47,1
DA:48,1
DA:56,10
DA:64,10
DA:66,10
DA:68,10
DA:69,10
DA:70,10
DA:71,10
DA:72,10
DA:73,10
DA:76,10
DA:77,10
DA:79,10
DA:81,9
DA:82,5
DA:89,4
DA:90,4
DA:91,4
DA:93,4
DA:99,1
DA:100,1
LF:38
LH:38
BRDA:25,0,0,1
BRDA:26,1,0,1
BRDA:27,2,0,2
BRDA:28,3,0,2
BRDA:29,4,0,2
BRDA:30,5,0,2
BRDA:34,6,0,4
BRDA:34,6,1,2
BRDA:43,7,0,2
BRDA:43,7,1,1
BRDA:68,8,0,1
BRDA:69,9,0,1
BRDA:70,10,0,1
BRDA:71,11,0,1
BRDA:72,12,0,1
BRDA:73,13,0,1
BRDA:77,14,0,7
BRDA:77,14,1,3
BRDA:81,15,0,5
BRDA:81,15,1,4
BRDA:89,16,0,4
BRDA:89,16,1,1
BRDA:91,17,0,1
BRDA:91,17,1,3
BRF:24
BRH:24
end_of_record
TN:
SF:src\infrastructure\http\controllers\VendaController.ts
FN:59,(anonymous_0)
FN:137,(anonymous_1)
FN:210,(anonymous_2)
FN:256,(anonymous_3)
FN:286,(anonymous_4)
FN:341,(anonymous_5)
FN:344,(anonymous_6)
FNF:7
FNH:5
FNDA:6,(anonymous_0)
FNDA:3,(anonymous_1)
FNDA:3,(anonymous_2)
FNDA:0,(anonymous_3)
FNDA:2,(anonymous_4)
FNDA:1,(anonymous_5)
FNDA:0,(anonymous_6)
DA:2,1
DA:3,1
DA:4,1
DA:5,1
DA:6,1
DA:9,1
DA:10,1
DA:11,1
DA:13,1
DA:60,6
DA:61,6
DA:62,6
DA:63,2
DA:68,2
DA:71,4
DA:72,4
DA:74,0
DA:80,4
DA:82,4
DA:87,2
DA:91,2
DA:94,2
DA:95,1
DA:99,1
DA:102,1
DA:104,1
DA:108,1
DA:111,0
DA:138,3
DA:139,3
DA:140,3
DA:141,3
DA:146,3
DA:149,0
DA:150,0
DA:152,0
DA:153,0
DA:157,0
DA:160,0
DA:165,0
DA:166,0
DA:211,3
DA:212,3
DA:213,3
DA:214,1
DA:219,1
DA:222,2
DA:223,2
DA:225,2
DA:226,1
DA:230,1
DA:236,1
DA:237,0
DA:238,0
DA:240,0
DA:244,1
DA:245,1
DA:249,1
DA:253,0
DA:255,0
DA:256,0
DA:259,0
DA:263,0
DA:269,0
DA:271,0
DA:272,0
DA:276,0
DA:279,0
DA:287,2
DA:288,2
DA:289,2
DA:290,2
DA:295,2
DA:298,0
DA:300,0
DA:305,0
DA:306,0
DA:310,0
DA:314,0
DA:315,0
DA:318,0
DA:324,0
DA:326,0
DA:327,0
DA:331,0
DA:334,0
DA:342,1
DA:344,1
DA:345,0
DA:348,1
DA:353,0
DA:354,0
DA:363,1
DA:390,1
DA:399,1
DA:417,1
LF:96
LH:57
BRDA:62,0,0,2
BRDA:82,1,0,2
BRDA:82,2,0,4
BRDA:82,2,1,3
BRDA:82,2,2,2
BRDA:82,2,3,2
BRDA:82,2,4,2
BRDA:94,3,0,1
BRDA:102,4,0,1
BRDA:102,5,0,1
BRDA:102,5,1,0
BRDA:140,6,0,3
BRDA:152,7,0,0
BRDA:213,8,0,1
BRDA:222,9,0,2
BRDA:222,10,0,2
BRDA:225,11,0,1
BRDA:236,12,0,0
BRDA:236,12,1,1
BRDA:237,13,0,0
BRDA:237,13,1,0
BRDA:244,14,0,1
BRDA:253,15,0,0
BRDA:253,15,1,0
BRDA:271,16,0,0
BRDA:289,17,0,2
BRDA:305,18,0,0
BRDA:314,19,0,0
BRDA:326,20,0,0
BRDA:326,21,0,0
BRDA:326,21,1,0
BRF:31
BRH:18
end_of_record
TN:
SF:src\infrastructure\http\middlewares\authMiddleware.ts
FN:13,(anonymous_9)
FN:72,(anonymous_10)
FNF:2
FNH:2
FNDA:10,(anonymous_9)
FNDA:3,(anonymous_10)
DA:2,1
DA:13,1
DA:14,10
DA:15,10
DA:17,10
DA:18,3
DA:22,3
DA:25,7
DA:28,7
DA:29,4
DA:33,4
DA:36,3
DA:38,3
DA:39,0
DA:43,0
DA:46,3
DA:48,2
DA:49,1
DA:53,1
DA:56,1
DA:63,1
DA:65,1
DA:72,1
DA:74,3
DA:75,1
DA:79,1
DA:83,2
DA:84,1
DA:88,1
DA:92,1
DA:93,1
LF:31
LH:29
BRDA:17,0,0,3
BRDA:17,1,0,10
BRDA:17,1,1,8
BRDA:28,2,0,4
BRDA:38,3,0,0
BRDA:48,4,0,1
BRDA:74,5,0,1
BRDA:83,6,0,1
BRF:8
BRH:7
end_of_record
TN:
SF:src\infrastructure\jobs\CronJobService.ts
FN:8,(anonymous_0)
FN:16,(anonymous_1)
FN:26,(anonymous_2)
FN:37,(anonymous_3)
FN:49,(anonymous_4)
FN:67,(anonymous_5)
FN:74,(anonymous_6)
FNF:7
FNH:7
FNDA:13,(anonymous_0)
FNDA:10,(anonymous_1)
FNDA:3,(anonymous_2)
FNDA:2,(anonymous_3)
FNDA:17,(anonymous_4)
FNDA:4,(anonymous_5)
FNDA:2,(anonymous_6)
DA:1,1
DA:3,1
DA:5,13
DA:6,13
DA:9,13
DA:17,10
DA:18,1
DA:19,1
DA:22,9
DA:24,9
DA:26,9
DA:27,3
DA:28,3
DA:30,1
DA:34,9
DA:37,9
DA:38,2
DA:39,2
DA:41,1
DA:50,17
DA:51,8
DA:52,8
DA:55,9
DA:56,9
DA:57,9
DA:60,9
DA:61,9
DA:68,4
DA:75,2
DA:76,2
DA:77,2
DA:78,1
DA:80,1
DA:81,1
LF:34
LH:34
BRDA:16,0,0,6
BRDA:17,1,0,1
BRDA:50,2,0,8
BRDA:55,3,0,9
BRF:4
BRH:4
end_of_record
TN:
SF:src\infrastructure\repositories\MySQLVendaRepository.ts
FN:9,(anonymous_0)
FN:40,(anonymous_1)
FN:57,(anonymous_2)
FN:74,(anonymous_3)
FN:84,(anonymous_4)
FN:87,(anonymous_5)
FN:97,(anonymous_6)
FN:100,(anonymous_7)
FN:142,(anonymous_8)
FN:154,(anonymous_9)
FN:166,(anonymous_10)
FN:169,(anonymous_11)
FN:177,(anonymous_12)
FN:185,(anonymous_13)
FN:197,(anonymous_14)
FN:200,(anonymous_15)
FNF:16
FNH:16
FNDA:3,(anonymous_0)
FNDA:13,(anonymous_1)
FNDA:3,(anonymous_2)
FNDA:3,(anonymous_3)
FNDA:1,(anonymous_4)
FNDA:2,(anonymous_5)
FNDA:1,(anonymous_6)
FNDA:5,(anonymous_7)
FNDA:4,(anonymous_8)
FNDA:2,(anonymous_9)
FNDA:1,(anonymous_10)
FNDA:3,(anonymous_11)
FNDA:3,(anonymous_12)
FNDA:2,(anonymous_13)
FNDA:1,(anonymous_14)
FNDA:14,(anonymous_15)
DA:3,2
DA:4,2
DA:7,2
DA:10,3
DA:11,3
DA:13,3
DA:20,3
DA:32,2
DA:33,2
DA:34,1
DA:37,1
DA:41,13
DA:48,13
DA:50,12
DA:51,3
DA:54,9
DA:58,3
DA:65,3
DA:67,2
DA:68,1
DA:71,1
DA:75,3
DA:82,3
DA:84,3
DA:88,2
DA:95,2
DA:97,2
DA:101,5
DA:102,5
DA:104,5
DA:105,4
DA:106,4
DA:109,5
DA:110,2
DA:111,2
DA:114,5
DA:115,1
DA:116,1
DA:119,5
DA:120,2
DA:121,2
DA:124,5
DA:125,2
DA:126,2
DA:129,5
DA:130,0
DA:133,5
DA:135,5
DA:137,5
DA:139,4
DA:143,4
DA:147,4
DA:149,4
DA:151,3
DA:155,2
DA:164,2
DA:166,2
DA:170,3
DA:172,3
DA:174,2
DA:178,3
DA:180,3
DA:182,2
DA:186,2
DA:195,2
DA:197,2
DA:201,14
LF:67
LH:66
BRDA:27,0,0,3
BRDA:27,0,1,0
BRDA:33,1,0,1
BRDA:50,2,0,3
BRDA:67,3,0,1
BRDA:104,4,0,4
BRDA:109,5,0,2
BRDA:114,6,0,1
BRDA:119,7,0,2
BRDA:124,8,0,2
BRDA:129,9,0,0
BRDA:143,10,0,1
BRDA:143,10,1,3
BRDA:147,11,0,1
BRDA:147,11,1,3
BRDA:185,12,0,1
BRDA:185,13,0,1
BRDA:211,14,0,3
BRDA:211,14,1,11
BRF:19
BRH:17
end_of_record
TN:
SF:src\infrastructure\services\ExternalAuthenticationService.ts
FN:12,(anonymous_1)
FN:16,(anonymous_2)
FN:60,(anonymous_3)
FNF:3
FNH:3
FNDA:23,(anonymous_1)
FNDA:12,(anonymous_2)
FNDA:9,(anonymous_3)
DA:1,3
DA:9,3
DA:13,23
DA:17,12
DA:18,12
DA:29,3
DA:36,9
DA:38,9
DA:40,2
DA:46,7
DA:47,3
DA:53,4
DA:61,9
DA:62,9
DA:73,2
DA:79,7
DA:81,7
DA:82,2
DA:88,5
DA:89,2
DA:95,3
LF:21
LH:21
BRDA:13,0,0,23
BRDA:13,0,1,0
BRDA:33,1,0,3
BRDA:33,1,1,2
BRDA:38,2,0,2
BRDA:42,3,0,2
BRDA:42,3,1,1
BRDA:46,4,0,3
BRDA:46,5,0,7
BRDA:46,5,1,5
BRDA:76,6,0,2
BRDA:76,6,1,0
BRDA:81,7,0,2
BRDA:84,8,0,2
BRDA:84,8,1,1
BRDA:88,9,0,2
BRDA:88,10,0,5
BRDA:88,10,1,4
BRF:18
BRH:16
end_of_record
TN:
SF:src\infrastructure\services\ExternalVeiculoService.ts
FN:39,(anonymous_1)
FN:43,(anonymous_2)
FN:116,(anonymous_3)
FN:124,(anonymous_4)
FN:132,(anonymous_5)
FNF:5
FNH:5
FNDA:48,(anonymous_1)
FNDA:19,(anonymous_2)
FNDA:8,(anonymous_3)
FNDA:7,(anonymous_4)
FNDA:16,(anonymous_5)
DA:1,5
DA:36,5
DA:40,48
DA:44,19
DA:45,19
DA:49,19
DA:50,8
DA:51,8
DA:53,11
DA:56,19
DA:58,19
DA:59,19
DA:60,19
DA:61,19
DA:62,19
DA:63,19
DA:64,19
DA:65,19
DA:67,19
DA:69,19
DA:70,19
DA:72,19
DA:77,8
DA:84,11
DA:86,11
DA:87,7
DA:88,7
DA:90,7
DA:91,7
DA:93,7
DA:100,4
DA:101,2
DA:108,2
DA:117,8
DA:125,7
DA:133,16
DA:134,16
DA:138,16
DA:139,6
DA:142,16
DA:147,7
DA:148,4
DA:154,3
DA:160,9
DA:162,9
DA:163,2
DA:169,7
DA:170,2
DA:176,5
DA:177,2
DA:183,3
LF:51
LH:51
BRDA:40,0,0,48
BRDA:40,0,1,2
BRDA:49,1,0,8
BRDA:49,1,1,11
BRDA:58,2,0,3
BRDA:59,3,0,1
BRDA:60,4,0,2
BRDA:61,5,0,2
BRDA:62,6,0,1
BRDA:63,7,0,1
BRDA:64,8,0,16
BRDA:65,9,0,16
BRDA:67,10,0,16
BRDA:67,10,1,3
BRDA:79,11,0,8
BRDA:79,11,1,1
BRDA:86,12,0,7
BRDA:88,13,0,7
BRDA:88,13,1,2
BRDA:88,13,2,1
BRDA:100,14,0,2
BRDA:100,15,0,4
BRDA:100,15,1,3
BRDA:138,16,0,6
BRDA:147,17,0,4
BRDA:147,17,1,3
BRDA:156,18,0,3
BRDA:156,18,1,1
BRDA:162,19,0,2
BRDA:169,20,0,2
BRDA:176,21,0,2
BRF:31
BRH:31
end_of_record
